<?xml version="1.0" encoding="UTF-8"?>
<testng-results ignored="0" total="1" passed="1" failed="0" skipped="0">
  <reporter-output>
  </reporter-output>
  <suite started-at="2025-02-17T16:54:34 IST" name="Surefire suite" finished-at="2025-02-17T16:55:01 IST" duration-ms="26904">
    <groups>
    </groups>
    <test started-at="2025-02-17T16:54:34 IST" name="Surefire test" finished-at="2025-02-17T16:55:01 IST" duration-ms="26904">
      <class name="testing_MainPart.mainPage$Feebak_Test">
        <test-method is-config="true" signature="setup()[pri:0, instance:testing_MainPart.mainPage$Feebak_Test@13b13b5d]" started-at="2025-02-17T16:54:34 IST" name="setup" finished-at="2025-02-17T16:54:41 IST" duration-ms="6277" status="PASS">
          <reporter-output>
          </reporter-output>
        </test-method> <!-- setup -->
        <test-method is-config="true" signature="setUpTimeout()[pri:0, instance:testing_MainPart.mainPage$Feebak_Test@13b13b5d]" started-at="2025-02-17T16:54:41 IST" name="setUpTimeout" finished-at="2025-02-17T16:54:41 IST" duration-ms="7" status="PASS">
          <reporter-output>
          </reporter-output>
        </test-method> <!-- setUpTimeout -->
        <test-method signature="testFeebakLogin()[pri:0, instance:testing_MainPart.mainPage$Feebak_Test@13b13b5d]" started-at="2025-02-17T16:54:41 IST" name="testFeebakLogin" finished-at="2025-02-17T16:55:01 IST" duration-ms="20545" status="PASS">
          <reporter-output>
          </reporter-output>
        </test-method> <!-- testFeebakLogin -->
      </class> <!-- testing_MainPart.mainPage$Feebak_Test -->
    </test> <!-- Surefire test -->
  </suite> <!-- Surefire suite -->
</testng-results>
